#-----------------------------------------------------------
# Vivado v2018.2 (64-bit)
# SW Build 2258646 on Thu Jun 14 20:03:12 MDT 2018
# IP Build 2256618 on Thu Jun 14 22:10:49 MDT 2018
# Start of session at: Mon Jun 10 19:25:50 2019
# Process ID: 7876
# Current directory: F:/vivado/alu_design
# Command line: vivado.exe -gui_launcher_event rodinguilauncherevent9720 F:\vivado\alu_design\alu_design.xpr
# Log file: F:/vivado/alu_design/vivado.log
# Journal file: F:/vivado/alu_design\vivado.jou
#-----------------------------------------------------------
start_gui
open_project F:/vivado/alu_design/alu_design.xpr
Scanning sources...
Finished scanning sources
INFO: [IP_Flow 19-234] Refreshing IP repositories
INFO: [IP_Flow 19-1704] No user IP repositories specified
INFO: [IP_Flow 19-2313] Loaded Vivado IP repository 'E:/vivado/vivado/Vivado/2018.2/data/ip'.
update_compile_order -fileset sources_1
exit
INFO: [Common 17-206] Exiting Vivado at Mon Jun 10 20:39:45 2019...
